<?xml version="1.0" encoding="UTF-8"?>
<testsuite name="PlayerTest" tests="2" skipped="0" failures="0" errors="0" timestamp="2024-05-06T23:35:28" hostname="DESKTOP-UIFO0GO" time="0.026">
  <properties/>
  <testcase name="saveProgress()" classname="PlayerTest" time="0.018"/>
  <testcase name="importProgress()" classname="PlayerTest" time="0.006"/>
  <system-out><![CDATA[]]></system-out>
  <system-err><![CDATA[]]></system-err>
</testsuite>
