<?xml version="1.0" encoding="UTF-8"?>
<testsuite name="JUnitTest" tests="1" skipped="0" failures="0" errors="0" timestamp="2024-03-19T15:09:21" hostname="D21011-JZS13W2" time="0.021">
  <properties/>
  <testcase name="justAnExample()" classname="JUnitTest" time="0.021"/>
  <system-out><![CDATA[This test method should be run
]]></system-out>
  <system-err><![CDATA[]]></system-err>
</testsuite>
