<?xml version="1.0" encoding="UTF-8"?>
<testsuite name="JUnitTest" tests="1" skipped="0" failures="0" errors="0" timestamp="2024-03-24T19:43:41" hostname="DESKTOP-UIFO0GO" time="0.054">
  <properties/>
  <testcase name="justAnExample()" classname="JUnitTest" time="0.054"/>
  <system-out><![CDATA[This test method should be run
]]></system-out>
  <system-err><![CDATA[]]></system-err>
</testsuite>
