<?xml version="1.0" encoding="UTF-8"?>
<testsuite name="PlayerTest" tests="2" skipped="0" failures="0" errors="0" timestamp="2024-04-16T10:08:16" hostname="DESKTOP-B6KD4H1" time="0.014">
  <properties/>
  <testcase name="saveProgress()" classname="PlayerTest" time="0.009"/>
  <testcase name="importProgress()" classname="PlayerTest" time="0.004"/>
  <system-out><![CDATA[]]></system-out>
  <system-err><![CDATA[]]></system-err>
</testsuite>
