<?xml version="1.0" encoding="UTF-8"?>
<testsuite name="PlayerTest" tests="2" skipped="0" failures="0" errors="0" timestamp="2024-04-23T14:51:09" hostname="D21011-JZS13W2" time="0.032">
  <properties/>
  <testcase name="saveProgress()" classname="PlayerTest" time="0.027"/>
  <testcase name="importProgress()" classname="PlayerTest" time="0.003"/>
  <system-out><![CDATA[]]></system-out>
  <system-err><![CDATA[]]></system-err>
</testsuite>
