<?xml version="1.0" encoding="UTF-8"?>
<testsuite name="PlayerTest" tests="1" skipped="0" failures="0" errors="0" timestamp="2024-03-24T19:43:41" hostname="DESKTOP-UIFO0GO" time="0.019">
  <properties/>
  <testcase name="saveProgress()" classname="PlayerTest" time="0.019"/>
  <system-out><![CDATA[]]></system-out>
  <system-err><![CDATA[]]></system-err>
</testsuite>
