<?xml version="1.0" encoding="UTF-8"?>
<testsuite name="PlayerTest" tests="1" skipped="0" failures="0" errors="0" timestamp="2024-03-19T15:09:21" hostname="D21011-JZS13W2" time="0.009">
  <properties/>
  <testcase name="saveProgress()" classname="PlayerTest" time="0.009"/>
  <system-out><![CDATA[]]></system-out>
  <system-err><![CDATA[]]></system-err>
</testsuite>
