<?xml version="1.0" encoding="UTF-8"?>
<testsuite name="PlayerTest" tests="2" skipped="0" failures="0" errors="0" timestamp="2024-03-28T13:09:44" hostname="D24230-44CXTH3" time="0.026">
  <properties/>
  <testcase name="saveProgress()" classname="PlayerTest" time="0.021"/>
  <testcase name="importProgress()" classname="PlayerTest" time="0.003"/>
  <system-out><![CDATA[]]></system-out>
  <system-err><![CDATA[]]></system-err>
</testsuite>
